<?xml version="1.0" encoding="UTF-8"?>
<!-- Generated by org.testng.reporters.JUnitXMLReporter -->
<testsuite hostname="sourceandroid" ignored="0" name="Test" tests="10" failures="2" timestamp="19 Apr 2019 15:21:01 GMT" time="433.661" errors="0">
  <testcase name="verifyBEmlFld" time="25.685" classname="com.qa.tests.CheckoutBillingTest"/>
  <testcase name="verifyFrsNameFld" time="27.209" classname="com.qa.tests.CheckoutBillingTest"/>
  <testcase name="verifyLastNamFld" time="25.637" classname="com.qa.tests.CheckoutBillingTest"/>
  <testcase name="verifyAddrsFld" time="25.366" classname="com.qa.tests.CheckoutBillingTest"/>
  <testcase name="verifyContryFld" time="30.327" classname="com.qa.tests.CheckoutBillingTest"/>
  <testcase name="verifyStatFld" time="49.45" classname="com.qa.tests.CheckoutBillingTest">
    <failure type="org.openqa.selenium.NoSuchElementException" message="Cannot locate element with text: Delaware
For documentation on this error, please visit: http://seleniumhq.org/exceptions/no_such_element.html
Build info: version: &amp;apos;3.14.0&amp;apos;, revision: &amp;apos;aacccce0&amp;apos;, time: &amp;apos;2018-08-02T20:19:58.91Z&amp;apos;
System info: host: &amp;apos;SOURCEANDROID&amp;apos;, ip: &amp;apos;192.168.136.2&amp;apos;, os.name: &amp;apos;Windows 8.1&amp;apos;, os.arch: &amp;apos;amd64&amp;apos;, os.version: &amp;apos;6.3&amp;apos;, java.version: &amp;apos;1.8.0_131&amp;apos;
Driver info: driver.version: unknown">
      <![CDATA[org.openqa.selenium.NoSuchElementException: Cannot locate element with text: Delaware
For documentation on this error, please visit: http://seleniumhq.org/exceptions/no_such_element.html
Build info: version: '3.14.0', revision: 'aacccce0', time: '2018-08-02T20:19:58.91Z'
System info: host: 'SOURCEANDROID', ip: '192.168.136.2', os.name: 'Windows 8.1', os.arch: 'amd64', os.version: '6.3', java.version: '1.8.0_131'
Driver info: driver.version: unknown
	at org.openqa.selenium.support.ui.Select.selectByVisibleText(Select.java:151)
	at com.qa.pages.CheckoutBillingPage.stateDropDown(CheckoutBillingPage.java:62)
	at com.qa.tests.CheckoutBillingTest.verifyStatFld(CheckoutBillingTest.java:163)
... Removed 25 stack frames]]>
    </failure>
  </testcase> <!-- verifyStatFld -->
  <testcase name="verifyCityFld" time="48.359" classname="com.qa.tests.CheckoutBillingTest">
    <failure type="org.openqa.selenium.NoSuchElementException" message="Cannot locate element with text: Wilmington
For documentation on this error, please visit: http://seleniumhq.org/exceptions/no_such_element.html
Build info: version: &amp;apos;3.14.0&amp;apos;, revision: &amp;apos;aacccce0&amp;apos;, time: &amp;apos;2018-08-02T20:19:58.91Z&amp;apos;
System info: host: &amp;apos;SOURCEANDROID&amp;apos;, ip: &amp;apos;192.168.136.2&amp;apos;, os.name: &amp;apos;Windows 8.1&amp;apos;, os.arch: &amp;apos;amd64&amp;apos;, os.version: &amp;apos;6.3&amp;apos;, java.version: &amp;apos;1.8.0_131&amp;apos;
Driver info: driver.version: unknown">
      <![CDATA[org.openqa.selenium.NoSuchElementException: Cannot locate element with text: Wilmington
For documentation on this error, please visit: http://seleniumhq.org/exceptions/no_such_element.html
Build info: version: '3.14.0', revision: 'aacccce0', time: '2018-08-02T20:19:58.91Z'
System info: host: 'SOURCEANDROID', ip: '192.168.136.2', os.name: 'Windows 8.1', os.arch: 'amd64', os.version: '6.3', java.version: '1.8.0_131'
Driver info: driver.version: unknown
	at org.openqa.selenium.support.ui.Select.selectByVisibleText(Select.java:151)
	at com.qa.pages.CheckoutBillingPage.cityDropDown(CheckoutBillingPage.java:67)
	at com.qa.tests.CheckoutBillingTest.verifyCityFld(CheckoutBillingTest.java:184)
... Removed 25 stack frames]]>
    </failure>
  </testcase> <!-- verifyCityFld -->
  <testcase name="verifyMoblFld" time="27.284" classname="com.qa.tests.CheckoutBillingTest"/>
  <testcase name="verifyZipCodFld" time="39.476" classname="com.qa.tests.CheckoutBillingTest"/>
  <testcase name="verifyNextBtn" time="25.326" classname="com.qa.tests.CheckoutBillingTest"/>
</testsuite> <!-- Test -->
